[2025-12-03T12:44:22.625Z] SENDING EMAIL TO: akimadams900@gmail.com | SUBJECT: Invitation to join Stem Trust Lab
[2025-12-03T12:44:22.625Z] EMAIL FAILED: getaddrinfo ENOTFOUND smtp.example.com
[2025-12-03T12:46:34.175Z] SENDING EMAIL TO: akimadams900@gmail.com | SUBJECT: Invitation to join Stem Trust Lab
[2025-12-03T12:46:34.175Z] EMAIL FAILED: connect ETIMEDOUT 74.125.138.108:587
[2025-12-03T12:51:01.116Z] SENDING EMAIL TO: akimadams900@gmail.com | SUBJECT: Test Email from StemTrust
[2025-12-03T12:51:01.116Z] EMAIL FAILED: connect ETIMEDOUT 95.216.108.161:587
[2025-12-03T12:51:34.223Z] SENDING EMAIL TO: akimadams900@gmail.com | SUBJECT: Test Email from StemTrust
[2025-12-03T12:51:34.223Z] EMAIL FAILED: connect ETIMEDOUT 95.216.108.161:587
[2025-12-03T12:52:18.524Z] SENDING EMAIL TO: akimadams900@gmail.com | SUBJECT: Test Email from StemTrust
[2025-12-03T12:52:18.524Z] EMAIL SENT: <fca27850-0017-3b90-0aa4-ba7392b56430@stemtrust.org>
[2025-12-03T12:54:24.216Z] SENDING EMAIL TO: akimadams900@gmail.com | SUBJECT: Invitation to join Stem Trust Lab
[2025-12-03T12:54:24.216Z] EMAIL SENT: <faca1772-7269-9305-17ee-65facb9a151e@stemtrust.org>
[2025-12-03T13:01:23.033Z] SENDING EMAIL TO: akimadams900@gmail.com | SUBJECT: Invitation to join Stem Trust Lab
[2025-12-03T13:01:23.033Z] EMAIL SENT: <fb00fc7e-13a6-370a-69a5-f581e80e8912@stemtrust.org>
[2025-12-03T13:20:44.396Z] SENDING EMAIL TO: akimadams900@gmail.com | SUBJECT: Invitation to join Stem Trust Lab
[2025-12-03T13:20:44.396Z] EMAIL SENT: <8bf58a60-dcd1-61e7-6e91-43e3ca75dec8@stemtrust.org>
[2025-12-04T11:28:54.671Z] SENDING EMAIL TO: adetunjiadams29@gmail.com | SUBJECT: Project Onboarding: Ai-Powered Agricultural Pest detection system
[2025-12-04T11:28:54.671Z] EMAIL SENT: <e1053394-2ccc-3688-14e7-8b751735b625@stemtrust.org>
[2025-12-04T13:34:09.848Z] SENDING EMAIL TO: adetunjiakeem2001@gmail.com | SUBJECT: Project Onboarding: Ai-Powered Agricultural Pest detection system
[2025-12-04T13:34:09.848Z] EMAIL SENT: <f1985470-098c-e0f2-8282-642b2920e6e6@stemtrust.org>
[2025-12-04T14:22:56.366Z] SENDING EMAIL TO: adetunjiadams29@gmail.com | SUBJECT: Project Onboarding: Ai-Powered Agricultural Pest detection system
[2025-12-04T14:22:56.366Z] EMAIL SENT: <d3d9eaa3-e9ee-0a0c-2396-4a5b23a2096f@stemtrust.org>
[2025-12-04T21:29:38.676Z] SENDING EMAIL TO: adetunjiadams29@gmail.com | SUBJECT: Project Onboarding: Ai-Powered Agricultural Pest detection system
[2025-12-04T21:29:38.676Z] EMAIL SENT: <bd766a10-da7f-c790-49b1-297ebf312529@stemtrust.org>
[2025-12-05T07:23:24.307Z] SENDING EMAIL TO: adetunjiadams29@gmail.com | SUBJECT: Project Onboarding: Ai-Powered Agricultural Pest detection system
[2025-12-05T07:23:24.307Z] EMAIL SENT: <b7519c8a-270e-5207-d08a-32b5687513a0@stemtrust.org>
[2025-12-05T09:19:25.038Z] SENDING EMAIL TO: adetunjiadams29@gmail.com | SUBJECT: Project Onboarding: Ai-Powered Agricultural Pest detection system
[2025-12-05T09:19:25.038Z] EMAIL SENT: <f9af0288-8705-1929-de14-45c0c2dcc424@stemtrust.org>
[2025-12-05T09:38:14.600Z] SENDING EMAIL TO: akimadams900@gmail.com | SUBJECT: Project Onboarding: Ai-Powered Agricultural Pest detection system
[2025-12-05T09:38:14.600Z] EMAIL SENT: <64ff810a-969a-2665-e787-56390cae13a0@stemtrust.org>
[2025-12-05T10:23:38.719Z] SENDING EMAIL TO: akimadams900@gmail.com | SUBJECT: Project Onboarding: Ai-Powered Agricultural Pest detection system
[2025-12-05T10:23:38.719Z] EMAIL SENT: <8d96533e-012f-7e10-599f-18eb2ae93b4c@stemtrust.org>
[2025-12-05T13:12:53.699Z] SENDING EMAIL TO: akimadams900@gmail.com | SUBJECT: Project Onboarding: Ai-Powered Agricultural Pest detection system
[2025-12-05T13:12:53.699Z] EMAIL SENT: <eab735af-135b-c3a0-b7f7-10cac3ce007a@stemtrust.org>
[2025-12-05T16:09:43.811Z] SENDING EMAIL TO: akimadams900@gmail.com | SUBJECT: Project Onboarding: Ai-Powered Agricultural Pest detection system
[2025-12-05T16:09:43.811Z] EMAIL SENT: <3f96b30b-f031-c32f-6d0f-0776d481b153@stemtrust.org>
[2025-12-05T16:48:25.804Z] SENDING EMAIL TO: akimadams900@gmail.com | SUBJECT: Project Onboarding: Ai-Powered Agricultural Pest detection system
[2025-12-05T16:48:25.804Z] EMAIL SENT: <1c654165-01f1-308d-3104-6e0383c6c9e1@stemtrust.org>
[2025-12-05T18:51:42.155Z] SENDING EMAIL TO: akimadams900@gmail.com | SUBJECT: Project Onboarding: Ai-Powered Agricultural Pest detection system
[2025-12-05T18:51:42.155Z] EMAIL SENT: <3db4e8e7-91ee-2740-2ebf-87db650de474@stemtrust.org>
[2025-12-05T19:23:58.591Z] SENDING EMAIL TO: akimadams900@gmail.com | SUBJECT: Project Onboarding: Ai-Powered Agricultural Pest detection system
[2025-12-05T19:23:58.591Z] EMAIL SENT: <78f5deec-1113-ba02-410d-1070652bf028@stemtrust.org>
[2025-12-05T21:01:34.138Z] SENDING EMAIL TO: akimadams900@gmail.com | SUBJECT: Project Onboarding: Ai-Powered Agricultural Pest detection system part 2
[2025-12-05T21:01:34.138Z] EMAIL SENT: <8e87a4d3-d8e6-68ee-7116-09373e7c139e@stemtrust.org>
[2025-12-06T05:59:53.551Z] SENDING EMAIL TO: akimadams900@gmail.com | SUBJECT: Project Onboarding: Ai-Powered Agricultural Pest detection system part 2
[2025-12-06T05:59:53.551Z] EMAIL SENT: <becf47cc-bf6c-204c-7e9c-1cb27e62631a@stemtrust.org>
[2025-12-06T09:26:06.288Z] SENDING EMAIL TO: akimadams900@gmail.com | SUBJECT: Project Onboarding: Ai-Powered Agricultural Pest detection system part 2
[2025-12-06T09:26:06.288Z] EMAIL SENT: <4b592572-0a19-2044-a18f-1836c5dd2c0f@stemtrust.org>
[2025-12-06T10:00:22.022Z] SENDING EMAIL TO: akimadams900@gmail.com | SUBJECT: Project Onboarding: Ai-Powered Agricultural Pest detection system part 2
[2025-12-06T10:00:22.022Z] EMAIL SENT: <247da957-9605-02c3-7653-504d8dd52c59@stemtrust.org>
[2025-12-06T10:50:37.636Z] SENDING EMAIL TO: akimadams900@gmail.com | SUBJECT: Project Onboarding: Ai-Powered Agricultural Pest detection system part 2
[2025-12-06T10:50:37.636Z] EMAIL SENT: <317c537c-197a-880b-6c8f-9b91dbb8bec0@stemtrust.org>
[2025-12-06T11:33:03.425Z] SENDING EMAIL TO: akimadams900@gmail.com | SUBJECT: Project Onboarding: Ai-Powered Agricultural Pest detection system part 2
[2025-12-06T11:33:03.425Z] EMAIL SENT: <71759138-7240-319e-0cc5-2e9fdeab4c3c@stemtrust.org>
[2025-12-06T12:03:08.660Z] SENDING EMAIL TO: akimadams900@gmail.com | SUBJECT: Project Onboarding: Ai-Powered Agricultural Pest detection system part 2
[2025-12-06T12:03:08.660Z] EMAIL SENT: <a50b47cc-0786-f0fb-4ca2-0cace75719d9@stemtrust.org>
[2025-12-06T12:21:24.459Z] SENDING EMAIL TO: akimadams900@gmail.com | SUBJECT: Project Onboarding: Ai-Powered Agricultural Pest detection system part 2
[2025-12-06T12:21:24.459Z] EMAIL SENT: <a3846c7c-4cf2-7a92-a67b-3b54afef65ac@stemtrust.org>
[2025-12-06T12:31:00.170Z] SENDING EMAIL TO: akimadams900@gmail.com | SUBJECT: Project Onboarding: Ai-Powered Agricultural Pest detection system part 2
[2025-12-06T12:31:00.170Z] EMAIL SENT: <2fdde614-2f48-a8a3-ef2a-2a9dd91a228e@stemtrust.org>
[2025-12-06T12:43:56.760Z] SENDING EMAIL TO: akimadams900@gmail.com | SUBJECT: Project Onboarding: Ai-Powered Agricultural Pest detection system part 2
[2025-12-06T12:43:56.760Z] EMAIL SENT: <02ac4f55-9d34-185c-c79f-7c4a5ac199f2@stemtrust.org>
[2025-12-06T13:12:34.703Z] SENDING EMAIL TO: akimadams900@gmail.com | SUBJECT: Project Onboarding: Ai-Powered Agricultural Pest detection system part 2
[2025-12-06T13:12:34.703Z] EMAIL SENT: <26d4b5a2-edb5-4464-1965-2f1a9bb852b0@stemtrust.org>
[2025-12-06T13:35:47.374Z] SENDING EMAIL TO: akimadams900@gmail.com | SUBJECT: Project Onboarding: Ai-Powered Agricultural Pest detection system part 2
[2025-12-06T13:35:47.374Z] EMAIL SENT: <3ba59d52-e9ba-2bf4-5ca4-25f1d4bc7de8@stemtrust.org>
[2025-12-06T13:47:07.710Z] SENDING EMAIL TO: adetunjiadams29@gmail.com | SUBJECT: Project Onboarding: Ai-Powered Agricultural Pest detection system part 2
[2025-12-06T13:47:07.710Z] EMAIL SENT: <75a4ebfe-bf38-0235-c5ec-2165dd0d3478@stemtrust.org>
[2025-12-06T13:55:03.831Z] SENDING EMAIL TO: akimadams900@gmail.com | SUBJECT: Project Onboarding: Ai-Powered Agricultural Pest detection system part 2
[2025-12-06T13:55:03.831Z] EMAIL SENT: <251e5ec9-b757-f91e-e742-51c5b125e07b@stemtrust.org>
[2025-12-06T14:09:14.699Z] SENDING EMAIL TO: adetunjiadams29@gmail.com | SUBJECT: Project Onboarding: Ai-Powered Agricultural Pest detection system part 2
[2025-12-06T14:09:14.699Z] EMAIL SENT: <5dc21efd-6999-abc9-9d83-b8d6b3b706ed@stemtrust.org>
[2025-12-06T15:13:42.482Z] SENDING EMAIL TO: akimadams900@gmail.com | SUBJECT: Project Onboarding: Ai-Powered Agricultural Pest detection system part 2
[2025-12-06T15:13:42.482Z] EMAIL SENT: <6bde68ef-0c23-c849-f302-1af8df65b252@stemtrust.org>
[2025-12-08T15:42:52.273Z] SENDING EMAIL TO: akimadams900@gmail.com | SUBJECT: Project Onboarding: Ai-Powered Agricultural Pest detection system part 2
[2025-12-08T15:42:52.273Z] EMAIL SENT: <2c3e8d93-2e1c-dd3a-b4e9-4aa98b85ae71@stemtrust.org>
